\BOOKMARK [1][-]{section.1}{Introduction}{}% 1
\BOOKMARK [1][-]{section.2}{Mission A}{}% 2
\BOOKMARK [2][-]{subsection.2.1}{Sous-Mission A1}{section.2}% 3
\BOOKMARK [2][-]{subsection.2.2}{Sous-mission A2}{section.2}% 4
\BOOKMARK [2][-]{subsection.2.3}{Sous-mission A3}{section.2}% 5
\BOOKMARK [2][-]{subsection.2.4}{Sous-mission A4}{section.2}% 6
\BOOKMARK [1][-]{section.3}{Mission B}{}% 7
\BOOKMARK [2][-]{subsection.3.1}{Sous-mission B1}{section.3}% 8
\BOOKMARK [2][-]{subsection.3.2}{Sous-mission B2}{section.3}% 9
\BOOKMARK [2][-]{subsection.3.3}{Sous-mission B3}{section.3}% 10
\BOOKMARK [1][-]{section.4}{Mission X}{}% 11
\BOOKMARK [2][-]{subsection.4.1}{Sous-mission X1}{section.4}% 12
\BOOKMARK [2][-]{subsection.4.2}{Sous-mission X2}{section.4}% 13
\BOOKMARK [1][-]{section.5}{Mission U}{}% 14
\BOOKMARK [2][-]{subsection.5.1}{Sous-mission U1}{section.5}% 15
\BOOKMARK [2][-]{subsection.5.2}{Sous-mission U2}{section.5}% 16
\BOOKMARK [1][-]{section.6}{Filtres}{}% 17
\BOOKMARK [1][-]{section.7}{Algorithmes de traitement}{}% 18
\BOOKMARK [1][-]{section.8}{Bilans personnels}{}% 19
\BOOKMARK [1][-]{section.9}{Bilan g\351n\351ral}{}% 20
